  CompositeRoleBuilder.cpp
C:\Users\Saidhbh\Documents\College Files\Final Project\accessControlSoftwareRepo\test_RBAC\test_RBAC\CompositeRole.h(15,34): error C3646: 'compBuilder': unknown override specifier
C:\Users\Saidhbh\Documents\College Files\Final Project\accessControlSoftwareRepo\test_RBAC\test_RBAC\CompositeRole.h(15,34): error C4430: missing type specifier - int assumed. Note: C++ does not support default-int
  ExecuteAccessBuilder.cpp
C:\Users\Saidhbh\Documents\College Files\Final Project\accessControlSoftwareRepo\test_RBAC\test_RBAC\CompositeRoleBuilder.h(9,1): error C2504: 'CompositeRole': base class undefined
C:\Users\Saidhbh\Documents\College Files\Final Project\accessControlSoftwareRepo\test_RBAC\test_RBAC\CompositeRoleBuilder.h(11,18): error C2065: 'CompositeRole': undeclared identifier
C:\Users\Saidhbh\Documents\College Files\Final Project\accessControlSoftwareRepo\test_RBAC\test_RBAC\CompositeRoleBuilder.h(11,7): error C2923: 'std::shared_ptr': 'CompositeRole' is not a valid template type argument for parameter '_Ty'
C:\Users\Saidhbh\Documents\College Files\Final Project\accessControlSoftwareRepo\test_RBAC\test_RBAC\CompositeRoleBuilder.h(12,18): error C2065: 'CompositeRole': undeclared identifier
C:\Users\Saidhbh\Documents\College Files\Final Project\accessControlSoftwareRepo\test_RBAC\test_RBAC\CompositeRoleBuilder.h(12,7): error C2923: 'std::shared_ptr': 'CompositeRole' is not a valid template type argument for parameter '_Ty'
C:\Users\Saidhbh\Documents\College Files\Final Project\accessControlSoftwareRepo\test_RBAC\test_RBAC\CompositeRoleBuilder.h(16,33): error C2065: 'CompositeRole': undeclared identifier
C:\Users\Saidhbh\Documents\College Files\Final Project\accessControlSoftwareRepo\test_RBAC\test_RBAC\CompositeRoleBuilder.h(16,22): error C2923: 'std::shared_ptr': 'CompositeRole' is not a valid template type argument for parameter '_Ty'
  FullAccessBuilder.cpp
C:\Users\Saidhbh\Documents\College Files\Final Project\accessControlSoftwareRepo\test_RBAC\test_RBAC\CompositeRoleBuilder.h(9,1): error C2504: 'CompositeRole': base class undefined
C:\Users\Saidhbh\Documents\College Files\Final Project\accessControlSoftwareRepo\test_RBAC\test_RBAC\CompositeRoleBuilder.h(11,18): error C2065: 'CompositeRole': undeclared identifier
C:\Users\Saidhbh\Documents\College Files\Final Project\accessControlSoftwareRepo\test_RBAC\test_RBAC\CompositeRoleBuilder.h(11,7): error C2923: 'std::shared_ptr': 'CompositeRole' is not a valid template type argument for parameter '_Ty'
C:\Users\Saidhbh\Documents\College Files\Final Project\accessControlSoftwareRepo\test_RBAC\test_RBAC\CompositeRoleBuilder.h(12,18): error C2065: 'CompositeRole': undeclared identifier
C:\Users\Saidhbh\Documents\College Files\Final Project\accessControlSoftwareRepo\test_RBAC\test_RBAC\CompositeRoleBuilder.h(12,7): error C2923: 'std::shared_ptr': 'CompositeRole' is not a valid template type argument for parameter '_Ty'
C:\Users\Saidhbh\Documents\College Files\Final Project\accessControlSoftwareRepo\test_RBAC\test_RBAC\CompositeRoleBuilder.h(16,33): error C2065: 'CompositeRole': undeclared identifier
C:\Users\Saidhbh\Documents\College Files\Final Project\accessControlSoftwareRepo\test_RBAC\test_RBAC\CompositeRoleBuilder.h(16,22): error C2923: 'std::shared_ptr': 'CompositeRole' is not a valid template type argument for parameter '_Ty'
  NoAccessBuilder.cpp
C:\Users\Saidhbh\Documents\College Files\Final Project\accessControlSoftwareRepo\test_RBAC\test_RBAC\CompositeRoleBuilder.h(9,1): error C2504: 'CompositeRole': base class undefined
C:\Users\Saidhbh\Documents\College Files\Final Project\accessControlSoftwareRepo\test_RBAC\test_RBAC\CompositeRoleBuilder.h(11,18): error C2065: 'CompositeRole': undeclared identifier
C:\Users\Saidhbh\Documents\College Files\Final Project\accessControlSoftwareRepo\test_RBAC\test_RBAC\CompositeRoleBuilder.h(11,7): error C2923: 'std::shared_ptr': 'CompositeRole' is not a valid template type argument for parameter '_Ty'
C:\Users\Saidhbh\Documents\College Files\Final Project\accessControlSoftwareRepo\test_RBAC\test_RBAC\CompositeRoleBuilder.h(12,18): error C2065: 'CompositeRole': undeclared identifier
C:\Users\Saidhbh\Documents\College Files\Final Project\accessControlSoftwareRepo\test_RBAC\test_RBAC\CompositeRoleBuilder.h(12,7): error C2923: 'std::shared_ptr': 'CompositeRole' is not a valid template type argument for parameter '_Ty'
C:\Users\Saidhbh\Documents\College Files\Final Project\accessControlSoftwareRepo\test_RBAC\test_RBAC\CompositeRoleBuilder.h(16,33): error C2065: 'CompositeRole': undeclared identifier
C:\Users\Saidhbh\Documents\College Files\Final Project\accessControlSoftwareRepo\test_RBAC\test_RBAC\CompositeRoleBuilder.h(16,22): error C2923: 'std::shared_ptr': 'CompositeRole' is not a valid template type argument for parameter '_Ty'
  ReadAccessBuilder.cpp
C:\Users\Saidhbh\Documents\College Files\Final Project\accessControlSoftwareRepo\test_RBAC\test_RBAC\CompositeRoleBuilder.h(9,1): error C2504: 'CompositeRole': base class undefined
C:\Users\Saidhbh\Documents\College Files\Final Project\accessControlSoftwareRepo\test_RBAC\test_RBAC\CompositeRoleBuilder.h(11,18): error C2065: 'CompositeRole': undeclared identifier
C:\Users\Saidhbh\Documents\College Files\Final Project\accessControlSoftwareRepo\test_RBAC\test_RBAC\CompositeRoleBuilder.h(11,7): error C2923: 'std::shared_ptr': 'CompositeRole' is not a valid template type argument for parameter '_Ty'
C:\Users\Saidhbh\Documents\College Files\Final Project\accessControlSoftwareRepo\test_RBAC\test_RBAC\CompositeRoleBuilder.h(12,18): error C2065: 'CompositeRole': undeclared identifier
C:\Users\Saidhbh\Documents\College Files\Final Project\accessControlSoftwareRepo\test_RBAC\test_RBAC\CompositeRoleBuilder.h(12,7): error C2923: 'std::shared_ptr': 'CompositeRole' is not a valid template type argument for parameter '_Ty'
C:\Users\Saidhbh\Documents\College Files\Final Project\accessControlSoftwareRepo\test_RBAC\test_RBAC\CompositeRoleBuilder.h(16,33): error C2065: 'CompositeRole': undeclared identifier
C:\Users\Saidhbh\Documents\College Files\Final Project\accessControlSoftwareRepo\test_RBAC\test_RBAC\CompositeRoleBuilder.h(16,22): error C2923: 'std::shared_ptr': 'CompositeRole' is not a valid template type argument for parameter '_Ty'
  CompositeRole.cpp
C:\Users\Saidhbh\Documents\College Files\Final Project\accessControlSoftwareRepo\test_RBAC\test_RBAC\CompositeRoleBuilder.h(9,1): error C2504: 'CompositeRole': base class undefined
C:\Users\Saidhbh\Documents\College Files\Final Project\accessControlSoftwareRepo\test_RBAC\test_RBAC\CompositeRoleBuilder.h(11,18): error C2065: 'CompositeRole': undeclared identifier
C:\Users\Saidhbh\Documents\College Files\Final Project\accessControlSoftwareRepo\test_RBAC\test_RBAC\CompositeRoleBuilder.h(11,7): error C2923: 'std::shared_ptr': 'CompositeRole' is not a valid template type argument for parameter '_Ty'
C:\Users\Saidhbh\Documents\College Files\Final Project\accessControlSoftwareRepo\test_RBAC\test_RBAC\CompositeRoleBuilder.h(12,18): error C2065: 'CompositeRole': undeclared identifier
C:\Users\Saidhbh\Documents\College Files\Final Project\accessControlSoftwareRepo\test_RBAC\test_RBAC\CompositeRoleBuilder.h(12,7): error C2923: 'std::shared_ptr': 'CompositeRole' is not a valid template type argument for parameter '_Ty'
C:\Users\Saidhbh\Documents\College Files\Final Project\accessControlSoftwareRepo\test_RBAC\test_RBAC\CompositeRoleBuilder.h(16,33): error C2065: 'CompositeRole': undeclared identifier
C:\Users\Saidhbh\Documents\College Files\Final Project\accessControlSoftwareRepo\test_RBAC\test_RBAC\CompositeRoleBuilder.h(16,22): error C2923: 'std::shared_ptr': 'CompositeRole' is not a valid template type argument for parameter '_Ty'
  main.cpp
C:\Users\Saidhbh\Documents\College Files\Final Project\accessControlSoftwareRepo\test_RBAC\test_RBAC\CompositeRoleBuilder.h(9,1): error C2504: 'CompositeRole': base class undefined
C:\Users\Saidhbh\Documents\College Files\Final Project\accessControlSoftwareRepo\test_RBAC\test_RBAC\CompositeRoleBuilder.h(11,18): error C2065: 'CompositeRole': undeclared identifier
C:\Users\Saidhbh\Documents\College Files\Final Project\accessControlSoftwareRepo\test_RBAC\test_RBAC\CompositeRoleBuilder.h(11,7): error C2923: 'std::shared_ptr': 'CompositeRole' is not a valid template type argument for parameter '_Ty'
C:\Users\Saidhbh\Documents\College Files\Final Project\accessControlSoftwareRepo\test_RBAC\test_RBAC\CompositeRoleBuilder.h(12,18): error C2065: 'CompositeRole': undeclared identifier
C:\Users\Saidhbh\Documents\College Files\Final Project\accessControlSoftwareRepo\test_RBAC\test_RBAC\CompositeRoleBuilder.h(12,7): error C2923: 'std::shared_ptr': 'CompositeRole' is not a valid template type argument for parameter '_Ty'
C:\Users\Saidhbh\Documents\College Files\Final Project\accessControlSoftwareRepo\test_RBAC\test_RBAC\CompositeRoleBuilder.h(16,33): error C2065: 'CompositeRole': undeclared identifier
C:\Users\Saidhbh\Documents\College Files\Final Project\accessControlSoftwareRepo\test_RBAC\test_RBAC\CompositeRoleBuilder.h(16,22): error C2923: 'std::shared_ptr': 'CompositeRole' is not a valid template type argument for parameter '_Ty'
  Object.cpp
C:\Users\Saidhbh\Documents\College Files\Final Project\accessControlSoftwareRepo\test_RBAC\test_RBAC\CompositeRoleBuilder.h(9,1): error C2504: 'CompositeRole': base class undefined
C:\Users\Saidhbh\Documents\College Files\Final Project\accessControlSoftwareRepo\test_RBAC\test_RBAC\CompositeRoleBuilder.h(11,18): error C2065: 'CompositeRole': undeclared identifier
C:\Users\Saidhbh\Documents\College Files\Final Project\accessControlSoftwareRepo\test_RBAC\test_RBAC\CompositeRoleBuilder.h(11,7): error C2923: 'std::shared_ptr': 'CompositeRole' is not a valid template type argument for parameter '_Ty'
C:\Users\Saidhbh\Documents\College Files\Final Project\accessControlSoftwareRepo\test_RBAC\test_RBAC\CompositeRoleBuilder.h(12,18): error C2065: 'CompositeRole': undeclared identifier
C:\Users\Saidhbh\Documents\College Files\Final Project\accessControlSoftwareRepo\test_RBAC\test_RBAC\CompositeRoleBuilder.h(12,7): error C2923: 'std::shared_ptr': 'CompositeRole' is not a valid template type argument for parameter '_Ty'
C:\Users\Saidhbh\Documents\College Files\Final Project\accessControlSoftwareRepo\test_RBAC\test_RBAC\CompositeRoleBuilder.h(16,33): error C2065: 'CompositeRole': undeclared identifier
C:\Users\Saidhbh\Documents\College Files\Final Project\accessControlSoftwareRepo\test_RBAC\test_RBAC\CompositeRoleBuilder.h(16,22): error C2923: 'std::shared_ptr': 'CompositeRole' is not a valid template type argument for parameter '_Ty'
  Subject.cpp
C:\Users\Saidhbh\Documents\College Files\Final Project\accessControlSoftwareRepo\test_RBAC\test_RBAC\CompositeRoleBuilder.h(9,1): error C2504: 'CompositeRole': base class undefined
C:\Users\Saidhbh\Documents\College Files\Final Project\accessControlSoftwareRepo\test_RBAC\test_RBAC\CompositeRoleBuilder.h(11,18): error C2065: 'CompositeRole': undeclared identifier
C:\Users\Saidhbh\Documents\College Files\Final Project\accessControlSoftwareRepo\test_RBAC\test_RBAC\CompositeRoleBuilder.h(11,7): error C2923: 'std::shared_ptr': 'CompositeRole' is not a valid template type argument for parameter '_Ty'
C:\Users\Saidhbh\Documents\College Files\Final Project\accessControlSoftwareRepo\test_RBAC\test_RBAC\CompositeRoleBuilder.h(12,18): error C2065: 'CompositeRole': undeclared identifier
C:\Users\Saidhbh\Documents\College Files\Final Project\accessControlSoftwareRepo\test_RBAC\test_RBAC\CompositeRoleBuilder.h(12,7): error C2923: 'std::shared_ptr': 'CompositeRole' is not a valid template type argument for parameter '_Ty'
C:\Users\Saidhbh\Documents\College Files\Final Project\accessControlSoftwareRepo\test_RBAC\test_RBAC\CompositeRoleBuilder.h(16,33): error C2065: 'CompositeRole': undeclared identifier
C:\Users\Saidhbh\Documents\College Files\Final Project\accessControlSoftwareRepo\test_RBAC\test_RBAC\CompositeRoleBuilder.h(16,22): error C2923: 'std::shared_ptr': 'CompositeRole' is not a valid template type argument for parameter '_Ty'
  WriteAccessBuilder.cpp
C:\Users\Saidhbh\Documents\College Files\Final Project\accessControlSoftwareRepo\test_RBAC\test_RBAC\CompositeRoleBuilder.h(9,1): error C2504: 'CompositeRole': base class undefined
C:\Users\Saidhbh\Documents\College Files\Final Project\accessControlSoftwareRepo\test_RBAC\test_RBAC\CompositeRoleBuilder.h(11,18): error C2065: 'CompositeRole': undeclared identifier
C:\Users\Saidhbh\Documents\College Files\Final Project\accessControlSoftwareRepo\test_RBAC\test_RBAC\CompositeRoleBuilder.h(11,7): error C2923: 'std::shared_ptr': 'CompositeRole' is not a valid template type argument for parameter '_Ty'
C:\Users\Saidhbh\Documents\College Files\Final Project\accessControlSoftwareRepo\test_RBAC\test_RBAC\CompositeRoleBuilder.h(12,18): error C2065: 'CompositeRole': undeclared identifier
C:\Users\Saidhbh\Documents\College Files\Final Project\accessControlSoftwareRepo\test_RBAC\test_RBAC\CompositeRoleBuilder.h(12,7): error C2923: 'std::shared_ptr': 'CompositeRole' is not a valid template type argument for parameter '_Ty'
C:\Users\Saidhbh\Documents\College Files\Final Project\accessControlSoftwareRepo\test_RBAC\test_RBAC\CompositeRoleBuilder.h(16,33): error C2065: 'CompositeRole': undeclared identifier
C:\Users\Saidhbh\Documents\College Files\Final Project\accessControlSoftwareRepo\test_RBAC\test_RBAC\CompositeRoleBuilder.h(16,22): error C2923: 'std::shared_ptr': 'CompositeRole' is not a valid template type argument for parameter '_Ty'
  Generating Code...
